{"/Users/rkgallaway/codefellows/401/redux-demo/src/Components/Header/index.jsx": {"path":"/Users/rkgallaway/codefellows/401/redux-demo/src/Components/Header/index.jsx","statementMap":{"0":{"start":{"line":2,"column":2},"end":{"line":4,"column":3}}},"fnMap":{"0":{"name":"Header","decl":{"start":{"line":1,"column":9},"end":{"line":1,"column":15}},"loc":{"start":{"line":1,"column":17},"end":{"line":5,"column":1}},"line":1}},"branchMap":{},"s":{"0":1},"f":{"0":1},"b":{},"_coverageSchema":"1a1c01bbd47fc00a2c39e90264f33305004495a9","hash":"2e52e6bd58e96520953f6f9c67e91bb7e9ee1f47"}
}
